<?xml version="1.0" encoding="UTF-8"?>
<!-- Generated by org.testng.reporters.JUnitReportReporter -->
<testsuite hostname="DESKTOP-OJULOH6" failures="0" tests="1" name="Organization.CreateCompaignTest" time="12.883" errors="0" timestamp="2024-10-18T15:02:49 IST" skipped="0">
  <testcase classname="Organization.CreateCompaignTest" name="CreateCompaign" time="12.883"/>
  <system-out/>
</testsuite> <!-- Organization.CreateCompaignTest -->
