<?xml version="1.0" encoding="UTF-8"?>
<!-- Generated by org.testng.reporters.JUnitReportReporter -->
<testsuite hostname="DESKTOP-OJULOH6" failures="0" tests="1" name="Organization.CreateOrganization" time="24.809" errors="0" timestamp="2024-10-03T15:50:09 IST" skipped="0">
  <testcase classname="Organization.CreateOrganization" name="createOrganization" time="24.809"/>
  <system-out/>
</testsuite> <!-- Organization.CreateOrganization -->
