<?xml version="1.0" encoding="UTF-8"?>
<!-- Generated by org.testng.reporters.JUnitReportReporter -->
<testsuite hostname="DESKTOP-OJULOH6" failures="0" tests="2" name="TestNGPractice.DataProviderEx1" time="0.008" errors="0" timestamp="2024-09-19T15:03:54 IST" skipped="0">
  <testcase classname="TestNGPractice.DataProviderEx1" name="bookTickets" time="0.007"/>
  <testcase classname="TestNGPractice.DataProviderEx1" name="bookTickets" time="0.001"/>
</testsuite> <!-- TestNGPractice.DataProviderEx1 -->
