<?xml version="1.0" encoding="UTF-8"?>
<!-- Generated by org.testng.reporters.JUnitReportReporter -->
<testsuite hostname="DESKTOP-OJULOH6" failures="0" tests="1" name="Organization.CompaignWithProductTest" time="42.430" errors="0" timestamp="2024-10-18T14:59:52 IST" skipped="0">
  <testcase classname="Organization.CompaignWithProductTest" name="compaignWithProduct" time="42.430"/>
  <system-out/>
</testsuite> <!-- Organization.CompaignWithProductTest -->
