<?xml version="1.0" encoding="UTF-8"?>
<!-- Generated by org.testng.reporters.JUnitReportReporter -->
<testsuite hostname="DESKTOP-OJULOH6" failures="0" tests="3" name="TestNGPractice.SampleTest" time="0.013" errors="0" timestamp="2024-09-18T16:12:58 IST" skipped="0">
  <testcase classname="TestNGPractice.SampleTest" name="createContact" time="0.003"/>
  <testcase classname="TestNGPractice.SampleTest" name="createContact" time="0.008"/>
  <testcase classname="TestNGPractice.SampleTest" name="deleteContact" time="0.002"/>
</testsuite> <!-- TestNGPractice.SampleTest -->
