<?xml version="1.0" encoding="UTF-8"?>
<!-- Generated by org.testng.reporters.JUnitReportReporter -->
<testsuite hostname="DESKTOP-OJULOH6" failures="0" tests="1" name="Organization.CreateProductTest" time="20.481" errors="0" timestamp="2024-10-18T15:05:03 IST" skipped="0">
  <testcase classname="Organization.CreateProductTest" name="createProduct" time="20.481"/>
  <system-out/>
</testsuite> <!-- Organization.CreateProductTest -->
