<?xml version="1.0" encoding="UTF-8"?>
<!-- Generated by org.testng.reporters.JUnitReportReporter -->
<testsuite hostname="DESKTOP-OJULOH6" failures="0" tests="1" name="Organization.CreateOrganizationTest" time="22.188" errors="0" timestamp="2024-10-18T15:04:28 IST" skipped="0">
  <testcase classname="Organization.CreateOrganizationTest" name="createOrganization" time="22.188"/>
  <system-out/>
</testsuite> <!-- Organization.CreateOrganizationTest -->
