<?xml version="1.0" encoding="UTF-8"?>
<!-- Generated by org.testng.reporters.JUnitReportReporter -->
<testsuite hostname="DESKTOP-OJULOH6" failures="0" tests="3" name="TestNGPractice.DataProviderEx2" time="63.354" errors="0" timestamp="2024-09-19T16:04:21 IST" skipped="0">
  <testcase classname="TestNGPractice.DataProviderEx2" name="OrgCreate" time="22.283"/>
  <testcase classname="TestNGPractice.DataProviderEx2" name="OrgCreate" time="19.951"/>
  <testcase classname="TestNGPractice.DataProviderEx2" name="OrgCreate" time="21.120"/>
</testsuite> <!-- TestNGPractice.DataProviderEx2 -->
