<?xml version="1.0" encoding="UTF-8"?>
<!-- Generated by org.testng.reporters.JUnitReportReporter -->
<testsuite hostname="DESKTOP-OJULOH6" failures="0" tests="1" name="TestNGPractice.HardAssertEx2" time="5.481" errors="0" timestamp="2024-09-24T16:22:02 IST" skipped="0">
  <testcase classname="TestNGPractice.HardAssertEx2" name="login" time="5.481"/>
  <system-out/>
</testsuite> <!-- TestNGPractice.HardAssertEx2 -->
