<?xml version="1.0" encoding="UTF-8"?>
<!-- Generated by org.testng.reporters.JUnitReportReporter -->
<testsuite hostname="DESKTOP-OJULOH6" failures="0" tests="4" name="TestNGPractice.DataProviderEx3" time="90.855" errors="0" timestamp="2024-09-19T16:33:02 IST" skipped="0">
  <testcase classname="TestNGPractice.DataProviderEx3" name="OrgCreate" time="25.005"/>
  <testcase classname="TestNGPractice.DataProviderEx3" name="OrgCreate" time="22.046"/>
  <testcase classname="TestNGPractice.DataProviderEx3" name="OrgCreate" time="21.213"/>
  <testcase classname="TestNGPractice.DataProviderEx3" name="OrgCreate" time="22.591"/>
</testsuite> <!-- TestNGPractice.DataProviderEx3 -->
