<?xml version="1.0" encoding="UTF-8"?>
<!-- Generated by org.testng.reporters.JUnitReportReporter -->
<testsuite hostname="DESKTOP-OJULOH6" failures="0" tests="1" name="Organization.CreateCompaign" time="17.747" errors="0" timestamp="2024-10-02T12:59:39 IST" skipped="0">
  <testcase classname="Organization.CreateCompaign" name="CreateCompaign" time="17.747"/>
  <system-out/>
</testsuite> <!-- Organization.CreateCompaign -->
