<?xml version="1.0" encoding="UTF-8"?>
<!-- Generated by org.testng.reporters.JUnitReportReporter -->
<testsuite hostname="DESKTOP-OJULOH6" failures="0" tests="1" name="Organization.CompaignWithProduct" time="93.065" errors="0" timestamp="2024-10-03T15:49:27 IST" skipped="0">
  <testcase classname="Organization.CompaignWithProduct" name="compaignWithProduct" time="93.065"/>
  <system-out/>
</testsuite> <!-- Organization.CompaignWithProduct -->
